running egg_info
creating ../build/real_bot/real_bot.egg-info
writing ../build/real_bot/real_bot.egg-info/PKG-INFO
writing dependency_links to ../build/real_bot/real_bot.egg-info/dependency_links.txt
writing entry points to ../build/real_bot/real_bot.egg-info/entry_points.txt
writing requirements to ../build/real_bot/real_bot.egg-info/requires.txt
writing top-level names to ../build/real_bot/real_bot.egg-info/top_level.txt
writing manifest file '../build/real_bot/real_bot.egg-info/SOURCES.txt'
reading manifest file '../build/real_bot/real_bot.egg-info/SOURCES.txt'
writing manifest file '../build/real_bot/real_bot.egg-info/SOURCES.txt'
running build
running build_py
creating /home/ubuntu/ros_ws/src/real_ros_robot_demo/build/real_bot/build
creating /home/ubuntu/ros_ws/src/real_ros_robot_demo/build/real_bot/build/lib
creating /home/ubuntu/ros_ws/src/real_ros_robot_demo/build/real_bot/build/lib/real_bot
copying real_bot/subscriber.py -> /home/ubuntu/ros_ws/src/real_ros_robot_demo/build/real_bot/build/lib/real_bot
copying real_bot/publisher.py -> /home/ubuntu/ros_ws/src/real_ros_robot_demo/build/real_bot/build/lib/real_bot
copying real_bot/__init__.py -> /home/ubuntu/ros_ws/src/real_ros_robot_demo/build/real_bot/build/lib/real_bot
running install
running install_lib
creating /home/ubuntu/ros_ws/src/real_ros_robot_demo/install/real_bot/lib/python3.8/site-packages/real_bot
copying /home/ubuntu/ros_ws/src/real_ros_robot_demo/build/real_bot/build/lib/real_bot/subscriber.py -> /home/ubuntu/ros_ws/src/real_ros_robot_demo/install/real_bot/lib/python3.8/site-packages/real_bot
copying /home/ubuntu/ros_ws/src/real_ros_robot_demo/build/real_bot/build/lib/real_bot/publisher.py -> /home/ubuntu/ros_ws/src/real_ros_robot_demo/install/real_bot/lib/python3.8/site-packages/real_bot
copying /home/ubuntu/ros_ws/src/real_ros_robot_demo/build/real_bot/build/lib/real_bot/__init__.py -> /home/ubuntu/ros_ws/src/real_ros_robot_demo/install/real_bot/lib/python3.8/site-packages/real_bot
byte-compiling /home/ubuntu/ros_ws/src/real_ros_robot_demo/install/real_bot/lib/python3.8/site-packages/real_bot/subscriber.py to subscriber.cpython-38.pyc
byte-compiling /home/ubuntu/ros_ws/src/real_ros_robot_demo/install/real_bot/lib/python3.8/site-packages/real_bot/publisher.py to publisher.cpython-38.pyc
byte-compiling /home/ubuntu/ros_ws/src/real_ros_robot_demo/install/real_bot/lib/python3.8/site-packages/real_bot/__init__.py to __init__.cpython-38.pyc
running install_data
creating /home/ubuntu/ros_ws/src/real_ros_robot_demo/install/real_bot/share/ament_index
creating /home/ubuntu/ros_ws/src/real_ros_robot_demo/install/real_bot/share/ament_index/resource_index
creating /home/ubuntu/ros_ws/src/real_ros_robot_demo/install/real_bot/share/ament_index/resource_index/packages
copying resource/real_bot -> /home/ubuntu/ros_ws/src/real_ros_robot_demo/install/real_bot/share/ament_index/resource_index/packages
copying package.xml -> /home/ubuntu/ros_ws/src/real_ros_robot_demo/install/real_bot/share/real_bot
running install_egg_info
Copying ../build/real_bot/real_bot.egg-info to /home/ubuntu/ros_ws/src/real_ros_robot_demo/install/real_bot/lib/python3.8/site-packages/real_bot-0.0.0-py3.8.egg-info
running install_scripts
Installing publisher_rpi_node script to /home/ubuntu/ros_ws/src/real_ros_robot_demo/install/real_bot/lib/real_bot
Installing subscriber_rpi_node script to /home/ubuntu/ros_ws/src/real_ros_robot_demo/install/real_bot/lib/real_bot
writing list of installed files to '/home/ubuntu/ros_ws/src/real_ros_robot_demo/build/real_bot/install.log'
