[6.577s] DEBUG:colcon:Command line arguments: ['/usr/bin/colcon', 'build']
[6.577s] DEBUG:colcon:Parsed command line arguments: Namespace(allow_overriding=[], ament_cmake_args=None, base_paths=['.'], build_base='build', catkin_cmake_args=None, catkin_skip_building_tests=False, cmake_args=None, cmake_clean_cache=False, cmake_clean_first=False, cmake_force_configure=False, cmake_target=None, cmake_target_skip_unavailable=False, continue_on_error=False, event_handlers=None, executor='parallel', ignore_user_meta=False, install_base='install', log_base=None, log_level=None, main=<bound method BuildVerb.main of <colcon_core.verb.build.BuildVerb object at 0xffffb4ad84c0>>, merge_install=False, metas=['./colcon.meta'], packages_above=None, packages_above_and_dependencies=None, packages_above_depth=None, packages_end=None, packages_ignore=None, packages_ignore_regex=None, packages_select=None, packages_select_build_failed=False, packages_select_by_dep=None, packages_select_regex=None, packages_select_test_failures=False, packages_skip=None, packages_skip_build_finished=False, packages_skip_by_dep=None, packages_skip_regex=None, packages_skip_test_passed=False, packages_skip_up_to=None, packages_start=None, packages_up_to=None, packages_up_to_regex=None, parallel_workers=4, paths=None, symlink_install=False, test_result_base=None, verb_extension=<colcon_core.verb.build.BuildVerb object at 0xffffb4ad84c0>, verb_name='build', verb_parser=<colcon_defaults.argument_parser.defaults.DefaultArgumentsDecorator object at 0xffffb46bee20>)
[6.938s] Level 1:colcon.colcon_core.package_discovery:discover_packages(colcon_meta) check parameters
[6.939s] Level 1:colcon.colcon_core.package_discovery:discover_packages(recursive) check parameters
[6.939s] Level 1:colcon.colcon_core.package_discovery:discover_packages(ignore) check parameters
[6.939s] Level 1:colcon.colcon_core.package_discovery:discover_packages(path) check parameters
[6.939s] Level 1:colcon.colcon_core.package_discovery:discover_packages(colcon_meta) discover
[6.939s] Level 1:colcon.colcon_core.package_discovery:discover_packages(recursive) discover
[6.939s] INFO:colcon.colcon_core.package_discovery:Crawling recursively for packages in '/home/ubuntu/ros_ws/src/real_ros_robot_demo'
[6.940s] Level 1:colcon.colcon_core.package_identification:_identify(.) by extensions ['ignore', 'ignore_ament_install']
[6.940s] Level 1:colcon.colcon_core.package_identification:_identify(.) by extension 'ignore'
[6.940s] Level 1:colcon.colcon_core.package_identification:_identify(.) by extension 'ignore_ament_install'
[6.940s] Level 1:colcon.colcon_core.package_identification:_identify(.) by extensions ['colcon_pkg']
[6.940s] Level 1:colcon.colcon_core.package_identification:_identify(.) by extension 'colcon_pkg'
[6.941s] Level 1:colcon.colcon_core.package_identification:_identify(.) by extensions ['colcon_meta']
[6.941s] Level 1:colcon.colcon_core.package_identification:_identify(.) by extension 'colcon_meta'
[6.941s] Level 1:colcon.colcon_core.package_identification:_identify(.) by extensions ['ros']
[6.941s] Level 1:colcon.colcon_core.package_identification:_identify(.) by extension 'ros'
[7.010s] Level 1:colcon.colcon_core.package_identification:_identify(.) by extensions ['cmake', 'python']
[7.010s] Level 1:colcon.colcon_core.package_identification:_identify(.) by extension 'cmake'
[7.010s] Level 1:colcon.colcon_core.package_identification:_identify(.) by extension 'python'
[7.010s] Level 1:colcon.colcon_core.package_identification:_identify(.) by extensions ['python_setup_py']
[7.010s] Level 1:colcon.colcon_core.package_identification:_identify(.) by extension 'python_setup_py'
[7.011s] Level 1:colcon.colcon_core.package_identification:_identify(build) by extensions ['ignore', 'ignore_ament_install']
[7.011s] Level 1:colcon.colcon_core.package_identification:_identify(build) by extension 'ignore'
[7.011s] Level 1:colcon.colcon_core.package_identification:_identify(build) ignored
[7.012s] Level 1:colcon.colcon_core.package_identification:_identify(install) by extensions ['ignore', 'ignore_ament_install']
[7.012s] Level 1:colcon.colcon_core.package_identification:_identify(install) by extension 'ignore'
[7.012s] Level 1:colcon.colcon_core.package_identification:_identify(install) ignored
[7.013s] Level 1:colcon.colcon_core.package_identification:_identify(log) by extensions ['ignore', 'ignore_ament_install']
[7.013s] Level 1:colcon.colcon_core.package_identification:_identify(log) by extension 'ignore'
[7.013s] Level 1:colcon.colcon_core.package_identification:_identify(log) ignored
[7.014s] Level 1:colcon.colcon_core.package_identification:_identify(real_bot) by extensions ['ignore', 'ignore_ament_install']
[7.015s] Level 1:colcon.colcon_core.package_identification:_identify(real_bot) by extension 'ignore'
[7.015s] Level 1:colcon.colcon_core.package_identification:_identify(real_bot) by extension 'ignore_ament_install'
[7.015s] Level 1:colcon.colcon_core.package_identification:_identify(real_bot) by extensions ['colcon_pkg']
[7.015s] Level 1:colcon.colcon_core.package_identification:_identify(real_bot) by extension 'colcon_pkg'
[7.015s] Level 1:colcon.colcon_core.package_identification:_identify(real_bot) by extensions ['colcon_meta']
[7.016s] Level 1:colcon.colcon_core.package_identification:_identify(real_bot) by extension 'colcon_meta'
[7.016s] Level 1:colcon.colcon_core.package_identification:_identify(real_bot) by extensions ['ros']
[7.016s] Level 1:colcon.colcon_core.package_identification:_identify(real_bot) by extension 'ros'
[7.027s] DEBUG:colcon.colcon_core.package_identification:Package 'real_bot' with type 'ros.ament_python' and name 'real_bot'
[7.027s] Level 1:colcon.colcon_core.package_discovery:discover_packages(recursive) using defaults
[7.028s] Level 1:colcon.colcon_core.package_discovery:discover_packages(ignore) discover
[7.028s] Level 1:colcon.colcon_core.package_discovery:discover_packages(ignore) using defaults
[7.028s] Level 1:colcon.colcon_core.package_discovery:discover_packages(path) discover
[7.028s] Level 1:colcon.colcon_core.package_discovery:discover_packages(path) using defaults
[7.651s] Level 1:colcon.colcon_core.package_discovery:discover_packages(prefix_path) check parameters
[7.651s] Level 1:colcon.colcon_core.package_discovery:discover_packages(prefix_path) discover
[7.868s] DEBUG:colcon.colcon_installed_package_information.package_discovery:Found 168 installed packages in /opt/ros/foxy
[7.872s] Level 1:colcon.colcon_core.package_discovery:discover_packages(prefix_path) using defaults
[8.283s] Level 5:colcon.colcon_core.verb:set package 'real_bot' build argument 'cmake_args' from command line to 'None'
[8.283s] Level 5:colcon.colcon_core.verb:set package 'real_bot' build argument 'cmake_target' from command line to 'None'
[8.283s] Level 5:colcon.colcon_core.verb:set package 'real_bot' build argument 'cmake_target_skip_unavailable' from command line to 'False'
[8.283s] Level 5:colcon.colcon_core.verb:set package 'real_bot' build argument 'cmake_clean_cache' from command line to 'False'
[8.283s] Level 5:colcon.colcon_core.verb:set package 'real_bot' build argument 'cmake_clean_first' from command line to 'False'
[8.283s] Level 5:colcon.colcon_core.verb:set package 'real_bot' build argument 'cmake_force_configure' from command line to 'False'
[8.283s] Level 5:colcon.colcon_core.verb:set package 'real_bot' build argument 'ament_cmake_args' from command line to 'None'
[8.284s] Level 5:colcon.colcon_core.verb:set package 'real_bot' build argument 'catkin_cmake_args' from command line to 'None'
[8.284s] Level 5:colcon.colcon_core.verb:set package 'real_bot' build argument 'catkin_skip_building_tests' from command line to 'False'
[8.284s] DEBUG:colcon.colcon_core.verb:Building package 'real_bot' with the following arguments: {'ament_cmake_args': None, 'build_base': '/home/ubuntu/ros_ws/src/real_ros_robot_demo/build/real_bot', 'catkin_cmake_args': None, 'catkin_skip_building_tests': False, 'cmake_args': None, 'cmake_clean_cache': False, 'cmake_clean_first': False, 'cmake_force_configure': False, 'cmake_target': None, 'cmake_target_skip_unavailable': False, 'install_base': '/home/ubuntu/ros_ws/src/real_ros_robot_demo/install/real_bot', 'merge_install': False, 'path': '/home/ubuntu/ros_ws/src/real_ros_robot_demo/real_bot', 'symlink_install': False, 'test_result_base': None}
[8.383s] INFO:colcon.colcon_core.executor:Executing jobs using 'parallel' executor
[8.485s] DEBUG:colcon.colcon_parallel_executor.executor.parallel:run_until_complete
[8.486s] INFO:colcon.colcon_ros.task.ament_python.build:Building ROS package in '/home/ubuntu/ros_ws/src/real_ros_robot_demo/real_bot' with build type 'ament_python'
[8.487s] Level 1:colcon.colcon_core.shell:create_environment_hook('real_bot', 'ament_prefix_path')
[8.608s] INFO:colcon.colcon_core.plugin_system:Skipping extension 'colcon_core.shell.bat': Not used on non-Windows systems
[8.609s] INFO:colcon.colcon_core.shell:Creating environment hook '/home/ubuntu/ros_ws/src/real_ros_robot_demo/install/real_bot/share/real_bot/hook/ament_prefix_path.ps1'
[8.615s] INFO:colcon.colcon_core.shell:Creating environment descriptor '/home/ubuntu/ros_ws/src/real_ros_robot_demo/install/real_bot/share/real_bot/hook/ament_prefix_path.dsv'
[8.618s] INFO:colcon.colcon_core.shell:Creating environment hook '/home/ubuntu/ros_ws/src/real_ros_robot_demo/install/real_bot/share/real_bot/hook/ament_prefix_path.sh'
[8.728s] INFO:colcon.colcon_core.shell:Skip shell extension 'powershell' for command environment: Not usable outside of PowerShell
[8.728s] DEBUG:colcon.colcon_core.shell:Skip shell extension 'dsv' for command environment
[9.685s] INFO:colcon.colcon_core.task.python.build:Building Python package in '/home/ubuntu/ros_ws/src/real_ros_robot_demo/real_bot'
[9.794s] INFO:colcon.colcon_core.shell:Skip shell extension 'powershell' for command environment: Not usable outside of PowerShell
[9.795s] DEBUG:colcon.colcon_core.shell:Skip shell extension 'dsv' for command environment
[11.474s] DEBUG:colcon.colcon_core.event_handler.log_command:Invoking command in '/home/ubuntu/ros_ws/src/real_ros_robot_demo/real_bot': PYTHONPATH=/home/ubuntu/ros_ws/src/real_ros_robot_demo/build/real_bot/prefix_override:/home/ubuntu/ros_ws/src/real_ros_robot_demo/install/real_bot/lib/python3.8/site-packages:${PYTHONPATH} /usr/bin/python3 setup.py egg_info --egg-base ../build/real_bot build --build-base /home/ubuntu/ros_ws/src/real_ros_robot_demo/build/real_bot/build install --record /home/ubuntu/ros_ws/src/real_ros_robot_demo/build/real_bot/install.log --single-version-externally-managed
[12.496s] DEBUG:colcon.colcon_core.event_handler.log_command:Invoked command in '/home/ubuntu/ros_ws/src/real_ros_robot_demo/real_bot' returned '0': PYTHONPATH=/home/ubuntu/ros_ws/src/real_ros_robot_demo/build/real_bot/prefix_override:/home/ubuntu/ros_ws/src/real_ros_robot_demo/install/real_bot/lib/python3.8/site-packages:${PYTHONPATH} /usr/bin/python3 setup.py egg_info --egg-base ../build/real_bot build --build-base /home/ubuntu/ros_ws/src/real_ros_robot_demo/build/real_bot/build install --record /home/ubuntu/ros_ws/src/real_ros_robot_demo/build/real_bot/install.log --single-version-externally-managed
[12.625s] Level 1:colcon.colcon_core.environment:checking '/home/ubuntu/ros_ws/src/real_ros_robot_demo/install/real_bot' for CMake module files
[12.628s] Level 1:colcon.colcon_core.environment:checking '/home/ubuntu/ros_ws/src/real_ros_robot_demo/install/real_bot' for CMake config files
[12.635s] Level 1:colcon.colcon_core.environment:checking '/home/ubuntu/ros_ws/src/real_ros_robot_demo/install/real_bot/lib'
[12.635s] Level 1:colcon.colcon_core.environment:checking '/home/ubuntu/ros_ws/src/real_ros_robot_demo/install/real_bot/bin'
[12.636s] Level 1:colcon.colcon_core.environment:checking '/home/ubuntu/ros_ws/src/real_ros_robot_demo/install/real_bot/lib/pkgconfig/real_bot.pc'
[12.636s] Level 1:colcon.colcon_core.environment:checking '/home/ubuntu/ros_ws/src/real_ros_robot_demo/install/real_bot/lib/python3.8/site-packages'
[12.637s] Level 1:colcon.colcon_core.shell:create_environment_hook('real_bot', 'pythonpath')
[12.742s] INFO:colcon.colcon_core.shell:Creating environment hook '/home/ubuntu/ros_ws/src/real_ros_robot_demo/install/real_bot/share/real_bot/hook/pythonpath.ps1'
[12.744s] INFO:colcon.colcon_core.shell:Creating environment descriptor '/home/ubuntu/ros_ws/src/real_ros_robot_demo/install/real_bot/share/real_bot/hook/pythonpath.dsv'
[12.746s] INFO:colcon.colcon_core.shell:Creating environment hook '/home/ubuntu/ros_ws/src/real_ros_robot_demo/install/real_bot/share/real_bot/hook/pythonpath.sh'
[12.748s] Level 1:colcon.colcon_core.environment:checking '/home/ubuntu/ros_ws/src/real_ros_robot_demo/install/real_bot/bin'
[12.748s] Level 1:colcon.colcon_core.environment:create_environment_scripts_only(real_bot)
[12.852s] INFO:colcon.colcon_core.shell:Creating package script '/home/ubuntu/ros_ws/src/real_ros_robot_demo/install/real_bot/share/real_bot/package.ps1'
[12.856s] INFO:colcon.colcon_core.shell:Creating package descriptor '/home/ubuntu/ros_ws/src/real_ros_robot_demo/install/real_bot/share/real_bot/package.dsv'
[12.860s] INFO:colcon.colcon_core.shell:Creating package script '/home/ubuntu/ros_ws/src/real_ros_robot_demo/install/real_bot/share/real_bot/package.sh'
[12.864s] INFO:colcon.colcon_core.shell:Creating package script '/home/ubuntu/ros_ws/src/real_ros_robot_demo/install/real_bot/share/real_bot/package.bash'
[12.869s] INFO:colcon.colcon_core.shell:Creating package script '/home/ubuntu/ros_ws/src/real_ros_robot_demo/install/real_bot/share/real_bot/package.zsh'
[12.874s] Level 1:colcon.colcon_core.environment:create_file_with_runtime_dependencies(/home/ubuntu/ros_ws/src/real_ros_robot_demo/install/real_bot/share/colcon-core/packages/real_bot)
[12.876s] DEBUG:colcon.colcon_parallel_executor.executor.parallel:closing loop
[12.877s] DEBUG:colcon.colcon_parallel_executor.executor.parallel:loop closed
[12.877s] DEBUG:colcon.colcon_parallel_executor.executor.parallel:run_until_complete finished with '0'
[12.878s] DEBUG:colcon.colcon_core.event_reactor:joining thread
[13.004s] INFO:colcon.colcon_core.plugin_system:Skipping extension 'colcon_notification.desktop_notification.notify_send': Could not find 'notify-send'
[13.005s] INFO:colcon.colcon_core.plugin_system:Skipping extension 'colcon_notification.desktop_notification.terminal_notifier': Not used on non-Darwin systems
[13.005s] INFO:colcon.colcon_core.plugin_system:Skipping extension 'colcon_notification.desktop_notification.win32': Not used on non-Windows systems
[13.005s] INFO:colcon.colcon_notification.desktop_notification:Sending desktop notification using 'notify2'
[13.038s] DEBUG:colcon.colcon_notification.desktop_notification.notify2:Failed to initialize notify2: org.freedesktop.DBus.Error.ServiceUnknown: The name org.freedesktop.Notifications was not provided by any .service files
[13.038s] DEBUG:colcon.colcon_core.event_reactor:joined thread
[13.146s] INFO:colcon.colcon_core.shell:Creating prefix script '/home/ubuntu/ros_ws/src/real_ros_robot_demo/install/local_setup.ps1'
[13.151s] INFO:colcon.colcon_core.shell:Creating prefix util module '/home/ubuntu/ros_ws/src/real_ros_robot_demo/install/_local_setup_util_ps1.py'
[13.156s] INFO:colcon.colcon_core.shell:Creating prefix chain script '/home/ubuntu/ros_ws/src/real_ros_robot_demo/install/setup.ps1'
[13.263s] INFO:colcon.colcon_core.shell:Creating prefix script '/home/ubuntu/ros_ws/src/real_ros_robot_demo/install/local_setup.sh'
[13.267s] INFO:colcon.colcon_core.shell:Creating prefix util module '/home/ubuntu/ros_ws/src/real_ros_robot_demo/install/_local_setup_util_sh.py'
[13.269s] INFO:colcon.colcon_core.shell:Creating prefix chain script '/home/ubuntu/ros_ws/src/real_ros_robot_demo/install/setup.sh'
[13.375s] INFO:colcon.colcon_core.shell:Creating prefix script '/home/ubuntu/ros_ws/src/real_ros_robot_demo/install/local_setup.bash'
[13.378s] INFO:colcon.colcon_core.shell:Creating prefix chain script '/home/ubuntu/ros_ws/src/real_ros_robot_demo/install/setup.bash'
[13.485s] INFO:colcon.colcon_core.shell:Creating prefix script '/home/ubuntu/ros_ws/src/real_ros_robot_demo/install/local_setup.zsh'
[13.489s] INFO:colcon.colcon_core.shell:Creating prefix chain script '/home/ubuntu/ros_ws/src/real_ros_robot_demo/install/setup.zsh'
