[3.371s] Invoking command in '/home/ubuntu/ros_ws/src/real_ros_robot_demo/real_bot': PYTHONPATH=/home/ubuntu/ros_ws/src/real_ros_robot_demo/build/real_bot/prefix_override:/home/ubuntu/ros_ws/src/real_ros_robot_demo/install/real_bot/lib/python3.8/site-packages:${PYTHONPATH} /usr/bin/python3 setup.py egg_info --egg-base ../build/real_bot build --build-base /home/ubuntu/ros_ws/src/real_ros_robot_demo/build/real_bot/build install --record /home/ubuntu/ros_ws/src/real_ros_robot_demo/build/real_bot/install.log --single-version-externally-managed
[4.100s] running egg_info
[4.102s] writing ../build/real_bot/real_bot.egg-info/PKG-INFO
[4.103s] writing dependency_links to ../build/real_bot/real_bot.egg-info/dependency_links.txt
[4.104s] writing entry points to ../build/real_bot/real_bot.egg-info/entry_points.txt
[4.105s] writing requirements to ../build/real_bot/real_bot.egg-info/requires.txt
[4.105s] writing top-level names to ../build/real_bot/real_bot.egg-info/top_level.txt
[4.242s] reading manifest file '../build/real_bot/real_bot.egg-info/SOURCES.txt'
[4.248s] writing manifest file '../build/real_bot/real_bot.egg-info/SOURCES.txt'
[4.248s] running build
[4.249s] running build_py
[4.249s] copying real_bot/motor_control.py -> /home/ubuntu/ros_ws/src/real_ros_robot_demo/build/real_bot/build/lib/real_bot
[4.250s] running install
[4.253s] running install_lib
[4.257s] copying /home/ubuntu/ros_ws/src/real_ros_robot_demo/build/real_bot/build/lib/real_bot/motor_control.py -> /home/ubuntu/ros_ws/src/real_ros_robot_demo/install/real_bot/lib/python3.8/site-packages/real_bot
[4.260s] byte-compiling /home/ubuntu/ros_ws/src/real_ros_robot_demo/install/real_bot/lib/python3.8/site-packages/real_bot/motor_control.py to motor_control.cpython-38.pyc
[4.266s] running install_data
[4.268s] running install_egg_info
[4.273s] removing '/home/ubuntu/ros_ws/src/real_ros_robot_demo/install/real_bot/lib/python3.8/site-packages/real_bot-0.0.0-py3.8.egg-info' (and everything under it)
[4.275s] Copying ../build/real_bot/real_bot.egg-info to /home/ubuntu/ros_ws/src/real_ros_robot_demo/install/real_bot/lib/python3.8/site-packages/real_bot-0.0.0-py3.8.egg-info
[4.281s] running install_scripts
[4.342s] Installing publisher_rpi_node script to /home/ubuntu/ros_ws/src/real_ros_robot_demo/install/real_bot/lib/real_bot
[4.344s] Installing subscriber_rpi_node script to /home/ubuntu/ros_ws/src/real_ros_robot_demo/install/real_bot/lib/real_bot
[4.345s] writing list of installed files to '/home/ubuntu/ros_ws/src/real_ros_robot_demo/build/real_bot/install.log'
[4.440s] Invoked command in '/home/ubuntu/ros_ws/src/real_ros_robot_demo/real_bot' returned '0': PYTHONPATH=/home/ubuntu/ros_ws/src/real_ros_robot_demo/build/real_bot/prefix_override:/home/ubuntu/ros_ws/src/real_ros_robot_demo/install/real_bot/lib/python3.8/site-packages:${PYTHONPATH} /usr/bin/python3 setup.py egg_info --egg-base ../build/real_bot build --build-base /home/ubuntu/ros_ws/src/real_ros_robot_demo/build/real_bot/build install --record /home/ubuntu/ros_ws/src/real_ros_robot_demo/build/real_bot/install.log --single-version-externally-managed
