[2.713s] Invoking command in '/home/ubuntu/ros_ws/src/real_ros_robot_demo/real_bot': PYTHONPATH=/home/ubuntu/ros_ws/src/real_ros_robot_demo/build/real_bot/prefix_override:/home/ubuntu/ros_ws/src/real_ros_robot_demo/install/real_bot/lib/python3.8/site-packages:${PYTHONPATH} /usr/bin/python3 setup.py egg_info --egg-base ../build/real_bot build --build-base /home/ubuntu/ros_ws/src/real_ros_robot_demo/build/real_bot/build install --record /home/ubuntu/ros_ws/src/real_ros_robot_demo/build/real_bot/install.log --single-version-externally-managed
[3.406s] running egg_info
[3.408s] writing ../build/real_bot/real_bot.egg-info/PKG-INFO
[3.408s] writing dependency_links to ../build/real_bot/real_bot.egg-info/dependency_links.txt
[3.409s] writing entry points to ../build/real_bot/real_bot.egg-info/entry_points.txt
[3.410s] writing requirements to ../build/real_bot/real_bot.egg-info/requires.txt
[3.411s] writing top-level names to ../build/real_bot/real_bot.egg-info/top_level.txt
[3.537s] reading manifest file '../build/real_bot/real_bot.egg-info/SOURCES.txt'
[3.541s] writing manifest file '../build/real_bot/real_bot.egg-info/SOURCES.txt'
[3.541s] running build
[3.542s] running build_py
[3.543s] running install
[3.546s] running install_lib
[3.551s] running install_data
[3.553s] running install_egg_info
[3.559s] removing '/home/ubuntu/ros_ws/src/real_ros_robot_demo/install/real_bot/lib/python3.8/site-packages/real_bot-0.0.0-py3.8.egg-info' (and everything under it)
[3.560s] Copying ../build/real_bot/real_bot.egg-info to /home/ubuntu/ros_ws/src/real_ros_robot_demo/install/real_bot/lib/python3.8/site-packages/real_bot-0.0.0-py3.8.egg-info
[3.565s] running install_scripts
[3.623s] Installing motor_controller_node script to /home/ubuntu/ros_ws/src/real_ros_robot_demo/install/real_bot/lib/real_bot
[3.624s] Installing publisher_rpi_node script to /home/ubuntu/ros_ws/src/real_ros_robot_demo/install/real_bot/lib/real_bot
[3.625s] Installing subscriber_rpi_node script to /home/ubuntu/ros_ws/src/real_ros_robot_demo/install/real_bot/lib/real_bot
[3.626s] writing list of installed files to '/home/ubuntu/ros_ws/src/real_ros_robot_demo/build/real_bot/install.log'
[3.715s] Invoked command in '/home/ubuntu/ros_ws/src/real_ros_robot_demo/real_bot' returned '0': PYTHONPATH=/home/ubuntu/ros_ws/src/real_ros_robot_demo/build/real_bot/prefix_override:/home/ubuntu/ros_ws/src/real_ros_robot_demo/install/real_bot/lib/python3.8/site-packages:${PYTHONPATH} /usr/bin/python3 setup.py egg_info --egg-base ../build/real_bot build --build-base /home/ubuntu/ros_ws/src/real_ros_robot_demo/build/real_bot/build install --record /home/ubuntu/ros_ws/src/real_ros_robot_demo/build/real_bot/install.log --single-version-externally-managed
