[2.927s] Invoking command in '/home/ubuntu/ros_ws/src/real_ros_robot_demo/real_bot': PYTHONPATH=/home/ubuntu/ros_ws/src/real_ros_robot_demo/build/real_bot/prefix_override:/home/ubuntu/ros_ws/src/real_ros_robot_demo/install/real_bot/lib/python3.8/site-packages:${PYTHONPATH} /usr/bin/python3 setup.py egg_info --egg-base ../build/real_bot build --build-base /home/ubuntu/ros_ws/src/real_ros_robot_demo/build/real_bot/build install --record /home/ubuntu/ros_ws/src/real_ros_robot_demo/build/real_bot/install.log --single-version-externally-managed
[3.636s] running egg_info
[3.638s] writing ../build/real_bot/real_bot.egg-info/PKG-INFO
[3.639s] writing dependency_links to ../build/real_bot/real_bot.egg-info/dependency_links.txt
[3.639s] writing entry points to ../build/real_bot/real_bot.egg-info/entry_points.txt
[3.640s] writing requirements to ../build/real_bot/real_bot.egg-info/requires.txt
[3.641s] writing top-level names to ../build/real_bot/real_bot.egg-info/top_level.txt
[3.770s] reading manifest file '../build/real_bot/real_bot.egg-info/SOURCES.txt'
[3.773s] writing manifest file '../build/real_bot/real_bot.egg-info/SOURCES.txt'
[3.774s] running build
[3.774s] running build_py
[3.775s] copying real_bot/motor_control.py -> /home/ubuntu/ros_ws/src/real_ros_robot_demo/build/real_bot/build/lib/real_bot
[3.777s] running install
[3.779s] running install_lib
[3.783s] copying /home/ubuntu/ros_ws/src/real_ros_robot_demo/build/real_bot/build/lib/real_bot/motor_control.py -> /home/ubuntu/ros_ws/src/real_ros_robot_demo/install/real_bot/lib/python3.8/site-packages/real_bot
[3.786s] byte-compiling /home/ubuntu/ros_ws/src/real_ros_robot_demo/install/real_bot/lib/python3.8/site-packages/real_bot/motor_control.py to motor_control.cpython-38.pyc
[3.791s] running install_data
[3.793s] running install_egg_info
[3.799s] removing '/home/ubuntu/ros_ws/src/real_ros_robot_demo/install/real_bot/lib/python3.8/site-packages/real_bot-0.0.0-py3.8.egg-info' (and everything under it)
[3.800s] Copying ../build/real_bot/real_bot.egg-info to /home/ubuntu/ros_ws/src/real_ros_robot_demo/install/real_bot/lib/python3.8/site-packages/real_bot-0.0.0-py3.8.egg-info
[3.804s] running install_scripts
[3.864s] Installing motor_controller_node script to /home/ubuntu/ros_ws/src/real_ros_robot_demo/install/real_bot/lib/real_bot
[3.864s] Installing publisher_rpi_node script to /home/ubuntu/ros_ws/src/real_ros_robot_demo/install/real_bot/lib/real_bot
[3.865s] Installing subscriber_rpi_node script to /home/ubuntu/ros_ws/src/real_ros_robot_demo/install/real_bot/lib/real_bot
[3.867s] writing list of installed files to '/home/ubuntu/ros_ws/src/real_ros_robot_demo/build/real_bot/install.log'
[3.958s] Invoked command in '/home/ubuntu/ros_ws/src/real_ros_robot_demo/real_bot' returned '0': PYTHONPATH=/home/ubuntu/ros_ws/src/real_ros_robot_demo/build/real_bot/prefix_override:/home/ubuntu/ros_ws/src/real_ros_robot_demo/install/real_bot/lib/python3.8/site-packages:${PYTHONPATH} /usr/bin/python3 setup.py egg_info --egg-base ../build/real_bot build --build-base /home/ubuntu/ros_ws/src/real_ros_robot_demo/build/real_bot/build install --record /home/ubuntu/ros_ws/src/real_ros_robot_demo/build/real_bot/install.log --single-version-externally-managed
