[6.592s] DEBUG:colcon:Command line arguments: ['/usr/bin/colcon', 'build']
[6.592s] DEBUG:colcon:Parsed command line arguments: Namespace(allow_overriding=[], ament_cmake_args=None, base_paths=['.'], build_base='build', catkin_cmake_args=None, catkin_skip_building_tests=False, cmake_args=None, cmake_clean_cache=False, cmake_clean_first=False, cmake_force_configure=False, cmake_target=None, cmake_target_skip_unavailable=False, continue_on_error=False, event_handlers=None, executor='parallel', ignore_user_meta=False, install_base='install', log_base=None, log_level=None, main=<bound method BuildVerb.main of <colcon_core.verb.build.BuildVerb object at 0xffffa6ee84c0>>, merge_install=False, metas=['./colcon.meta'], packages_above=None, packages_above_and_dependencies=None, packages_above_depth=None, packages_end=None, packages_ignore=None, packages_ignore_regex=None, packages_select=None, packages_select_build_failed=False, packages_select_by_dep=None, packages_select_regex=None, packages_select_test_failures=False, packages_skip=None, packages_skip_build_finished=False, packages_skip_by_dep=None, packages_skip_regex=None, packages_skip_test_passed=False, packages_skip_up_to=None, packages_start=None, packages_up_to=None, packages_up_to_regex=None, parallel_workers=4, paths=None, symlink_install=False, test_result_base=None, verb_extension=<colcon_core.verb.build.BuildVerb object at 0xffffa6ee84c0>, verb_name='build', verb_parser=<colcon_defaults.argument_parser.defaults.DefaultArgumentsDecorator object at 0xffffa6accaf0>)
[6.968s] Level 1:colcon.colcon_core.package_discovery:discover_packages(colcon_meta) check parameters
[6.969s] Level 1:colcon.colcon_core.package_discovery:discover_packages(recursive) check parameters
[6.969s] Level 1:colcon.colcon_core.package_discovery:discover_packages(ignore) check parameters
[6.969s] Level 1:colcon.colcon_core.package_discovery:discover_packages(path) check parameters
[6.969s] Level 1:colcon.colcon_core.package_discovery:discover_packages(colcon_meta) discover
[6.969s] Level 1:colcon.colcon_core.package_discovery:discover_packages(recursive) discover
[6.969s] INFO:colcon.colcon_core.package_discovery:Crawling recursively for packages in '/home/ubuntu/ros_ws/src/real_ros_robot_demo'
[6.970s] Level 1:colcon.colcon_core.package_identification:_identify(.) by extensions ['ignore', 'ignore_ament_install']
[6.970s] Level 1:colcon.colcon_core.package_identification:_identify(.) by extension 'ignore'
[6.970s] Level 1:colcon.colcon_core.package_identification:_identify(.) by extension 'ignore_ament_install'
[6.971s] Level 1:colcon.colcon_core.package_identification:_identify(.) by extensions ['colcon_pkg']
[6.971s] Level 1:colcon.colcon_core.package_identification:_identify(.) by extension 'colcon_pkg'
[6.971s] Level 1:colcon.colcon_core.package_identification:_identify(.) by extensions ['colcon_meta']
[6.971s] Level 1:colcon.colcon_core.package_identification:_identify(.) by extension 'colcon_meta'
[6.971s] Level 1:colcon.colcon_core.package_identification:_identify(.) by extensions ['ros']
[6.971s] Level 1:colcon.colcon_core.package_identification:_identify(.) by extension 'ros'
[7.031s] Level 1:colcon.colcon_core.package_identification:_identify(.) by extensions ['cmake', 'python']
[7.031s] Level 1:colcon.colcon_core.package_identification:_identify(.) by extension 'cmake'
[7.032s] Level 1:colcon.colcon_core.package_identification:_identify(.) by extension 'python'
[7.032s] Level 1:colcon.colcon_core.package_identification:_identify(.) by extensions ['python_setup_py']
[7.032s] Level 1:colcon.colcon_core.package_identification:_identify(.) by extension 'python_setup_py'
[7.032s] Level 1:colcon.colcon_core.package_identification:_identify(build) by extensions ['ignore', 'ignore_ament_install']
[7.033s] Level 1:colcon.colcon_core.package_identification:_identify(build) by extension 'ignore'
[7.033s] Level 1:colcon.colcon_core.package_identification:_identify(build) ignored
[7.034s] Level 1:colcon.colcon_core.package_identification:_identify(install) by extensions ['ignore', 'ignore_ament_install']
[7.034s] Level 1:colcon.colcon_core.package_identification:_identify(install) by extension 'ignore'
[7.034s] Level 1:colcon.colcon_core.package_identification:_identify(install) ignored
[7.035s] Level 1:colcon.colcon_core.package_identification:_identify(log) by extensions ['ignore', 'ignore_ament_install']
[7.035s] Level 1:colcon.colcon_core.package_identification:_identify(log) by extension 'ignore'
[7.035s] Level 1:colcon.colcon_core.package_identification:_identify(log) ignored
[7.036s] Level 1:colcon.colcon_core.package_identification:_identify(real_bot) by extensions ['ignore', 'ignore_ament_install']
[7.037s] Level 1:colcon.colcon_core.package_identification:_identify(real_bot) by extension 'ignore'
[7.037s] Level 1:colcon.colcon_core.package_identification:_identify(real_bot) by extension 'ignore_ament_install'
[7.037s] Level 1:colcon.colcon_core.package_identification:_identify(real_bot) by extensions ['colcon_pkg']
[7.038s] Level 1:colcon.colcon_core.package_identification:_identify(real_bot) by extension 'colcon_pkg'
[7.038s] Level 1:colcon.colcon_core.package_identification:_identify(real_bot) by extensions ['colcon_meta']
[7.038s] Level 1:colcon.colcon_core.package_identification:_identify(real_bot) by extension 'colcon_meta'
[7.038s] Level 1:colcon.colcon_core.package_identification:_identify(real_bot) by extensions ['ros']
[7.038s] Level 1:colcon.colcon_core.package_identification:_identify(real_bot) by extension 'ros'
[7.050s] DEBUG:colcon.colcon_core.package_identification:Package 'real_bot' with type 'ros.ament_python' and name 'real_bot'
[7.050s] Level 1:colcon.colcon_core.package_discovery:discover_packages(recursive) using defaults
[7.050s] Level 1:colcon.colcon_core.package_discovery:discover_packages(ignore) discover
[7.051s] Level 1:colcon.colcon_core.package_discovery:discover_packages(ignore) using defaults
[7.051s] Level 1:colcon.colcon_core.package_discovery:discover_packages(path) discover
[7.051s] Level 1:colcon.colcon_core.package_discovery:discover_packages(path) using defaults
[7.685s] Level 1:colcon.colcon_core.package_discovery:discover_packages(prefix_path) check parameters
[7.685s] Level 1:colcon.colcon_core.package_discovery:discover_packages(prefix_path) discover
[7.908s] DEBUG:colcon.colcon_installed_package_information.package_discovery:Found 168 installed packages in /opt/ros/foxy
[7.912s] Level 1:colcon.colcon_core.package_discovery:discover_packages(prefix_path) using defaults
[8.333s] Level 5:colcon.colcon_core.verb:set package 'real_bot' build argument 'cmake_args' from command line to 'None'
[8.333s] Level 5:colcon.colcon_core.verb:set package 'real_bot' build argument 'cmake_target' from command line to 'None'
[8.333s] Level 5:colcon.colcon_core.verb:set package 'real_bot' build argument 'cmake_target_skip_unavailable' from command line to 'False'
[8.333s] Level 5:colcon.colcon_core.verb:set package 'real_bot' build argument 'cmake_clean_cache' from command line to 'False'
[8.333s] Level 5:colcon.colcon_core.verb:set package 'real_bot' build argument 'cmake_clean_first' from command line to 'False'
[8.333s] Level 5:colcon.colcon_core.verb:set package 'real_bot' build argument 'cmake_force_configure' from command line to 'False'
[8.334s] Level 5:colcon.colcon_core.verb:set package 'real_bot' build argument 'ament_cmake_args' from command line to 'None'
[8.334s] Level 5:colcon.colcon_core.verb:set package 'real_bot' build argument 'catkin_cmake_args' from command line to 'None'
[8.334s] Level 5:colcon.colcon_core.verb:set package 'real_bot' build argument 'catkin_skip_building_tests' from command line to 'False'
[8.334s] DEBUG:colcon.colcon_core.verb:Building package 'real_bot' with the following arguments: {'ament_cmake_args': None, 'build_base': '/home/ubuntu/ros_ws/src/real_ros_robot_demo/build/real_bot', 'catkin_cmake_args': None, 'catkin_skip_building_tests': False, 'cmake_args': None, 'cmake_clean_cache': False, 'cmake_clean_first': False, 'cmake_force_configure': False, 'cmake_target': None, 'cmake_target_skip_unavailable': False, 'install_base': '/home/ubuntu/ros_ws/src/real_ros_robot_demo/install/real_bot', 'merge_install': False, 'path': '/home/ubuntu/ros_ws/src/real_ros_robot_demo/real_bot', 'symlink_install': False, 'test_result_base': None}
[8.436s] INFO:colcon.colcon_core.executor:Executing jobs using 'parallel' executor
[8.542s] DEBUG:colcon.colcon_parallel_executor.executor.parallel:run_until_complete
[8.543s] INFO:colcon.colcon_ros.task.ament_python.build:Building ROS package in '/home/ubuntu/ros_ws/src/real_ros_robot_demo/real_bot' with build type 'ament_python'
[8.544s] Level 1:colcon.colcon_core.shell:create_environment_hook('real_bot', 'ament_prefix_path')
[8.667s] INFO:colcon.colcon_core.plugin_system:Skipping extension 'colcon_core.shell.bat': Not used on non-Windows systems
[8.668s] INFO:colcon.colcon_core.shell:Creating environment hook '/home/ubuntu/ros_ws/src/real_ros_robot_demo/install/real_bot/share/real_bot/hook/ament_prefix_path.ps1'
[8.674s] INFO:colcon.colcon_core.shell:Creating environment descriptor '/home/ubuntu/ros_ws/src/real_ros_robot_demo/install/real_bot/share/real_bot/hook/ament_prefix_path.dsv'
[8.676s] INFO:colcon.colcon_core.shell:Creating environment hook '/home/ubuntu/ros_ws/src/real_ros_robot_demo/install/real_bot/share/real_bot/hook/ament_prefix_path.sh'
[8.788s] INFO:colcon.colcon_core.shell:Skip shell extension 'powershell' for command environment: Not usable outside of PowerShell
[8.788s] DEBUG:colcon.colcon_core.shell:Skip shell extension 'dsv' for command environment
[9.771s] INFO:colcon.colcon_core.task.python.build:Building Python package in '/home/ubuntu/ros_ws/src/real_ros_robot_demo/real_bot'
[9.883s] INFO:colcon.colcon_core.shell:Skip shell extension 'powershell' for command environment: Not usable outside of PowerShell
[9.883s] DEBUG:colcon.colcon_core.shell:Skip shell extension 'dsv' for command environment
[11.574s] DEBUG:colcon.colcon_core.event_handler.log_command:Invoking command in '/home/ubuntu/ros_ws/src/real_ros_robot_demo/real_bot': PYTHONPATH=/home/ubuntu/ros_ws/src/real_ros_robot_demo/build/real_bot/prefix_override:/home/ubuntu/ros_ws/src/real_ros_robot_demo/install/real_bot/lib/python3.8/site-packages:${PYTHONPATH} /usr/bin/python3 setup.py egg_info --egg-base ../build/real_bot build --build-base /home/ubuntu/ros_ws/src/real_ros_robot_demo/build/real_bot/build install --record /home/ubuntu/ros_ws/src/real_ros_robot_demo/build/real_bot/install.log --single-version-externally-managed
[12.619s] DEBUG:colcon.colcon_core.event_handler.log_command:Invoked command in '/home/ubuntu/ros_ws/src/real_ros_robot_demo/real_bot' returned '0': PYTHONPATH=/home/ubuntu/ros_ws/src/real_ros_robot_demo/build/real_bot/prefix_override:/home/ubuntu/ros_ws/src/real_ros_robot_demo/install/real_bot/lib/python3.8/site-packages:${PYTHONPATH} /usr/bin/python3 setup.py egg_info --egg-base ../build/real_bot build --build-base /home/ubuntu/ros_ws/src/real_ros_robot_demo/build/real_bot/build install --record /home/ubuntu/ros_ws/src/real_ros_robot_demo/build/real_bot/install.log --single-version-externally-managed
[12.747s] Level 1:colcon.colcon_core.environment:checking '/home/ubuntu/ros_ws/src/real_ros_robot_demo/install/real_bot' for CMake module files
[12.750s] Level 1:colcon.colcon_core.environment:checking '/home/ubuntu/ros_ws/src/real_ros_robot_demo/install/real_bot' for CMake config files
[12.755s] Level 1:colcon.colcon_core.environment:checking '/home/ubuntu/ros_ws/src/real_ros_robot_demo/install/real_bot/lib'
[12.756s] Level 1:colcon.colcon_core.environment:checking '/home/ubuntu/ros_ws/src/real_ros_robot_demo/install/real_bot/bin'
[12.756s] Level 1:colcon.colcon_core.environment:checking '/home/ubuntu/ros_ws/src/real_ros_robot_demo/install/real_bot/lib/pkgconfig/real_bot.pc'
[12.757s] Level 1:colcon.colcon_core.environment:checking '/home/ubuntu/ros_ws/src/real_ros_robot_demo/install/real_bot/lib/python3.8/site-packages'
[12.757s] Level 1:colcon.colcon_core.shell:create_environment_hook('real_bot', 'pythonpath')
[12.866s] INFO:colcon.colcon_core.shell:Creating environment hook '/home/ubuntu/ros_ws/src/real_ros_robot_demo/install/real_bot/share/real_bot/hook/pythonpath.ps1'
[12.868s] INFO:colcon.colcon_core.shell:Creating environment descriptor '/home/ubuntu/ros_ws/src/real_ros_robot_demo/install/real_bot/share/real_bot/hook/pythonpath.dsv'
[12.870s] INFO:colcon.colcon_core.shell:Creating environment hook '/home/ubuntu/ros_ws/src/real_ros_robot_demo/install/real_bot/share/real_bot/hook/pythonpath.sh'
[12.872s] Level 1:colcon.colcon_core.environment:checking '/home/ubuntu/ros_ws/src/real_ros_robot_demo/install/real_bot/bin'
[12.872s] Level 1:colcon.colcon_core.environment:create_environment_scripts_only(real_bot)
[12.979s] INFO:colcon.colcon_core.shell:Creating package script '/home/ubuntu/ros_ws/src/real_ros_robot_demo/install/real_bot/share/real_bot/package.ps1'
[12.983s] INFO:colcon.colcon_core.shell:Creating package descriptor '/home/ubuntu/ros_ws/src/real_ros_robot_demo/install/real_bot/share/real_bot/package.dsv'
[12.987s] INFO:colcon.colcon_core.shell:Creating package script '/home/ubuntu/ros_ws/src/real_ros_robot_demo/install/real_bot/share/real_bot/package.sh'
[12.991s] INFO:colcon.colcon_core.shell:Creating package script '/home/ubuntu/ros_ws/src/real_ros_robot_demo/install/real_bot/share/real_bot/package.bash'
[12.996s] INFO:colcon.colcon_core.shell:Creating package script '/home/ubuntu/ros_ws/src/real_ros_robot_demo/install/real_bot/share/real_bot/package.zsh'
[13.000s] Level 1:colcon.colcon_core.environment:create_file_with_runtime_dependencies(/home/ubuntu/ros_ws/src/real_ros_robot_demo/install/real_bot/share/colcon-core/packages/real_bot)
[13.002s] DEBUG:colcon.colcon_parallel_executor.executor.parallel:closing loop
[13.003s] DEBUG:colcon.colcon_parallel_executor.executor.parallel:loop closed
[13.003s] DEBUG:colcon.colcon_parallel_executor.executor.parallel:run_until_complete finished with '0'
[13.004s] DEBUG:colcon.colcon_core.event_reactor:joining thread
[13.130s] INFO:colcon.colcon_core.plugin_system:Skipping extension 'colcon_notification.desktop_notification.notify_send': Could not find 'notify-send'
[13.131s] INFO:colcon.colcon_core.plugin_system:Skipping extension 'colcon_notification.desktop_notification.terminal_notifier': Not used on non-Darwin systems
[13.131s] INFO:colcon.colcon_core.plugin_system:Skipping extension 'colcon_notification.desktop_notification.win32': Not used on non-Windows systems
[13.131s] INFO:colcon.colcon_notification.desktop_notification:Sending desktop notification using 'notify2'
[13.134s] DEBUG:colcon.colcon_notification.desktop_notification.notify2:Failed to initialize notify2: org.freedesktop.DBus.Error.ServiceUnknown: The name org.freedesktop.Notifications was not provided by any .service files
[13.134s] DEBUG:colcon.colcon_core.event_reactor:joined thread
[13.240s] INFO:colcon.colcon_core.shell:Creating prefix script '/home/ubuntu/ros_ws/src/real_ros_robot_demo/install/local_setup.ps1'
[13.244s] INFO:colcon.colcon_core.shell:Creating prefix util module '/home/ubuntu/ros_ws/src/real_ros_robot_demo/install/_local_setup_util_ps1.py'
[13.250s] INFO:colcon.colcon_core.shell:Creating prefix chain script '/home/ubuntu/ros_ws/src/real_ros_robot_demo/install/setup.ps1'
[13.359s] INFO:colcon.colcon_core.shell:Creating prefix script '/home/ubuntu/ros_ws/src/real_ros_robot_demo/install/local_setup.sh'
[13.361s] INFO:colcon.colcon_core.shell:Creating prefix util module '/home/ubuntu/ros_ws/src/real_ros_robot_demo/install/_local_setup_util_sh.py'
[13.364s] INFO:colcon.colcon_core.shell:Creating prefix chain script '/home/ubuntu/ros_ws/src/real_ros_robot_demo/install/setup.sh'
[13.472s] INFO:colcon.colcon_core.shell:Creating prefix script '/home/ubuntu/ros_ws/src/real_ros_robot_demo/install/local_setup.bash'
[13.475s] INFO:colcon.colcon_core.shell:Creating prefix chain script '/home/ubuntu/ros_ws/src/real_ros_robot_demo/install/setup.bash'
[13.584s] INFO:colcon.colcon_core.shell:Creating prefix script '/home/ubuntu/ros_ws/src/real_ros_robot_demo/install/local_setup.zsh'
[13.587s] INFO:colcon.colcon_core.shell:Creating prefix chain script '/home/ubuntu/ros_ws/src/real_ros_robot_demo/install/setup.zsh'
