running egg_info
writing ../build/real_bot/real_bot.egg-info/PKG-INFO
writing dependency_links to ../build/real_bot/real_bot.egg-info/dependency_links.txt
writing entry points to ../build/real_bot/real_bot.egg-info/entry_points.txt
writing requirements to ../build/real_bot/real_bot.egg-info/requires.txt
writing top-level names to ../build/real_bot/real_bot.egg-info/top_level.txt
reading manifest file '../build/real_bot/real_bot.egg-info/SOURCES.txt'
writing manifest file '../build/real_bot/real_bot.egg-info/SOURCES.txt'
running build
running build_py
running install
running install_lib
running install_data
running install_egg_info
removing '/home/ubuntu/ros_ws/src/real_ros_robot_demo/install/real_bot/lib/python3.8/site-packages/real_bot-0.0.0-py3.8.egg-info' (and everything under it)
Copying ../build/real_bot/real_bot.egg-info to /home/ubuntu/ros_ws/src/real_ros_robot_demo/install/real_bot/lib/python3.8/site-packages/real_bot-0.0.0-py3.8.egg-info
running install_scripts
Installing motor_controller_node script to /home/ubuntu/ros_ws/src/real_ros_robot_demo/install/real_bot/lib/real_bot
Installing publisher_rpi_node script to /home/ubuntu/ros_ws/src/real_ros_robot_demo/install/real_bot/lib/real_bot
Installing subscriber_rpi_node script to /home/ubuntu/ros_ws/src/real_ros_robot_demo/install/real_bot/lib/real_bot
writing list of installed files to '/home/ubuntu/ros_ws/src/real_ros_robot_demo/build/real_bot/install.log'
